{
  "RSpec": {
    "coverage": {
      "/Users/joshuaretallick/Projects/Bootcamp/bookmark_manager/bookmarks/app.rb": {
        "lines": [
          1,
          1,
          null,
          1,
          null,
          1,
          0,
          null,
          null,
          1,
          2,
          2,
          null,
          null,
          1,
          1,
          null,
          null,
          1,
          1,
          null,
          null,
          null,
          1,
          null,
          null,
          1,
          null,
          null
        ]
      },
      "/Users/joshuaretallick/Projects/Bootcamp/bookmark_manager/bookmarks/lib/bookmark.rb": {
        "lines": [
          1,
          null,
          1,
          null,
          1,
          4,
          4,
          null,
          0,
          null,
          null,
          4,
          12,
          null,
          null,
          1,
          5,
          5,
          null,
          0,
          null,
          null,
          5,
          null,
          null,
          null
        ]
      },
      "/Users/joshuaretallick/Projects/Bootcamp/bookmark_manager/bookmarks/spec/bookmark_spec.rb": {
        "lines": [
          1,
          null,
          1,
          1,
          1,
          1,
          null,
          1,
          1,
          1,
          null,
          1,
          null,
          1,
          1,
          1,
          null,
          null,
          null,
          1,
          1,
          1,
          null,
          1,
          null,
          null,
          null,
          null
        ]
      },
      "/Users/joshuaretallick/Projects/Bootcamp/bookmark_manager/bookmarks/spec/features/creating_bookmarks_spec.rb": {
        "lines": [
          1,
          1,
          1,
          1,
          1,
          null,
          1,
          null,
          null
        ]
      },
      "/Users/joshuaretallick/Projects/Bootcamp/bookmark_manager/bookmarks/spec/features/viewing_bookmark_spec.rb": {
        "lines": [
          1,
          null,
          1,
          1,
          1,
          1,
          1,
          1,
          1,
          1,
          null,
          null
        ]
      }
    },
    "timestamp": 1605707853
  }
}
